;  LST file generated by mikroListExporter - v.2.0 
; Date/Time: 25/02/2024 21:37:19
;----------------------------------------------

;Address Opcode 	ASM
0x0000	0x2803      	GOTO       3
_main:
;aula003_PIC12F675.c,4 :: 		void main(){
;aula003_PIC12F675.c,5 :: 		ANSEL = 0x00; //desliga as funçoes AD das entradas.
0x0003	0x1683      	BSF        STATUS, 5
0x0004	0x019F      	CLRF       ANSEL
;aula003_PIC12F675.c,6 :: 		CMCON = 7;    // desliga as funções Comparadores das entradas.
0x0005	0x3007      	MOVLW      7
0x0006	0x1283      	BCF        STATUS, 5
0x0007	0x0099      	MOVWF      CMCON
;aula003_PIC12F675.c,7 :: 		TRISIO = 0b000010; // configura como saída.
0x0008	0x3002      	MOVLW      2
0x0009	0x1683      	BSF        STATUS, 5
0x000A	0x0085      	MOVWF      TRISIO
;aula003_PIC12F675.c,8 :: 		GPIO = 0b000000; // configura em nivel baixo.
0x000B	0x1283      	BCF        STATUS, 5
0x000C	0x0185      	CLRF       GPIO
;aula003_PIC12F675.c,10 :: 		while(1)
L_main0:
;aula003_PIC12F675.c,12 :: 		if(GPIO.F1)
0x000D	0x1C85      	BTFSS      GPIO, 1
0x000E	0x2811      	GOTO       L_main2
;aula003_PIC12F675.c,14 :: 		GPIO.F0 = 0;
0x000F	0x1005      	BCF        GPIO, 0
;aula003_PIC12F675.c,16 :: 		}
0x0010	0x2812      	GOTO       L_main3
L_main2:
;aula003_PIC12F675.c,17 :: 		else GPIO.F0 = 1;
0x0011	0x1405      	BSF        GPIO, 0
L_main3:
;aula003_PIC12F675.c,19 :: 		}
0x0012	0x280D      	GOTO       L_main0
;aula003_PIC12F675.c,21 :: 		}
L_end_main:
0x0013	0x2813      	GOTO       $+0
; end of _main
Symbol List:
//** Routines locations **
//ADDRESS    SIZE    PROCEDURE
//----------------------------------------------
0x0003      [17]    _main
//** Variables locations ** 
//ADDRESS    SIZE    VARIABLE
//----------------------------------------------
0x0000       [1]    INDF
0x0003       [1]    STATUS
0x0004       [1]    FSR
0x0005       [1]    GPIO
0x000A       [1]    PCLATH
0x0019       [1]    CMCON
0x0020       [2]    ___DoICPAddr
0x0050       [1]    R0
0x0051       [1]    R1
0x0052       [1]    R2
0x0053       [1]    R3
0x0054       [1]    R4
0x0055       [1]    R5
0x0056       [1]    R6
0x0057       [1]    R7
0x0058       [1]    R8
0x0059       [1]    R9
0x005A       [1]    R10
0x005B       [1]    R11
0x005C       [1]    R12
0x005D       [1]    R13
0x005E       [1]    R14
0x005F       [1]    R15
0x0085       [1]    TRISIO
0x009F       [1]    ANSEL
