;  LST file generated by mikroListExporter - v.2.0 
; Date/Time: 25/02/2024 21:35:44
;----------------------------------------------

;Address Opcode 	ASM
0x0000	0x2803      	GOTO       3
_main:
;aula001_helo_world.c,3 :: 		void main() {
;aula001_helo_world.c,5 :: 		TRISB = 0b00000000;
0x0003	0x1683      	BSF        STATUS, 5
0x0004	0x1303      	BCF        STATUS, 6
0x0005	0x0186      	CLRF       TRISB
;aula001_helo_world.c,6 :: 		PORTB = 0b00000000;
0x0006	0x1283      	BCF        STATUS, 5
0x0007	0x0186      	CLRF       PORTB
;aula001_helo_world.c,7 :: 		TRISA = 0b00000000;
0x0008	0x1683      	BSF        STATUS, 5
0x0009	0x0185      	CLRF       TRISA
;aula001_helo_world.c,8 :: 		PORTA = 0b00000000;
0x000A	0x1283      	BCF        STATUS, 5
0x000B	0x0185      	CLRF       PORTA
;aula001_helo_world.c,9 :: 		TRISD = 0b00000000;
0x000C	0x1683      	BSF        STATUS, 5
0x000D	0x0188      	CLRF       TRISD
;aula001_helo_world.c,10 :: 		PORTD = 0b00000000;
0x000E	0x1283      	BCF        STATUS, 5
0x000F	0x0188      	CLRF       PORTD
;aula001_helo_world.c,12 :: 		while(1)
L_main0:
;aula001_helo_world.c,14 :: 		RB0_bit = 1;
0x0010	0x1406      	BSF        RB0_bit, BitPos(RB0_bit+0)
;aula001_helo_world.c,15 :: 		RA0_bit = 0;
0x0011	0x1005      	BCF        RA0_bit, BitPos(RA0_bit+0)
;aula001_helo_world.c,16 :: 		PORTD++;
0x0012	0x0A08      	INCF       PORTD, 0
0x0013	0x00F0      	MOVWF      R0
0x0014	0x0870      	MOVF       R0, 0
0x0015	0x0088      	MOVWF      PORTD
;aula001_helo_world.c,17 :: 		delay_ms(100);
0x0016	0x3082      	MOVLW      130
0x0017	0x00FC      	MOVWF      R12
0x0018	0x30DD      	MOVLW      221
0x0019	0x00FD      	MOVWF      R13
L_main2:
0x001A	0x0BFD      	DECFSZ     R13, 1
0x001B	0x281A      	GOTO       L_main2
0x001C	0x0BFC      	DECFSZ     R12, 1
0x001D	0x281A      	GOTO       L_main2
0x001E	0x0000      	NOP
0x001F	0x0000      	NOP
;aula001_helo_world.c,18 :: 		RB0_bit = 0;
0x0020	0x1006      	BCF        RB0_bit, BitPos(RB0_bit+0)
;aula001_helo_world.c,19 :: 		RA0_bit = 1;
0x0021	0x1405      	BSF        RA0_bit, BitPos(RA0_bit+0)
;aula001_helo_world.c,20 :: 		delay_ms(100);
0x0022	0x3082      	MOVLW      130
0x0023	0x00FC      	MOVWF      R12
0x0024	0x30DD      	MOVLW      221
0x0025	0x00FD      	MOVWF      R13
L_main3:
0x0026	0x0BFD      	DECFSZ     R13, 1
0x0027	0x2826      	GOTO       L_main3
0x0028	0x0BFC      	DECFSZ     R12, 1
0x0029	0x2826      	GOTO       L_main3
0x002A	0x0000      	NOP
0x002B	0x0000      	NOP
;aula001_helo_world.c,23 :: 		}
0x002C	0x2810      	GOTO       L_main0
;aula001_helo_world.c,26 :: 		}
L_end_main:
0x002D	0x282D      	GOTO       $+0
; end of _main
Symbol List:
//** Routines locations **
//ADDRESS    SIZE    PROCEDURE
//----------------------------------------------
0x0003      [43]    _main
//** Variables locations ** 
//ADDRESS    SIZE    VARIABLE
//----------------------------------------------
0x0000       [1]    INDF
0x0003       [1]    STATUS
0x0004       [1]    FSR
0x0005       [0]    RA0_bit
0x0005       [1]    PORTA
0x0006       [0]    RB0_bit
0x0006       [1]    PORTB
0x0008       [1]    PORTD
0x000A       [1]    PCLATH
0x0020       [2]    ___DoICPAddr
0x0070       [1]    R0
0x0071       [1]    R1
0x0072       [1]    R2
0x0073       [1]    R3
0x0074       [1]    R4
0x0075       [1]    R5
0x0076       [1]    R6
0x0077       [1]    R7
0x0078       [1]    R8
0x0079       [1]    R9
0x007A       [1]    R10
0x007B       [1]    R11
0x007C       [1]    R12
0x007D       [1]    R13
0x007E       [1]    R14
0x007F       [1]    R15
0x0085       [1]    TRISA
0x0086       [1]    TRISB
0x0088       [1]    TRISD
